<?xml version="1.0" encoding="UTF-8"?>
<testsuite name="CinemaTests" tests="1" skipped="0" failures="0" errors="0" timestamp="2022-03-02T16:44:43" hostname="kaliyas-PC" time="4.085">
  <properties/>
  <testcase name="start" classname="CinemaTests" time="4.085"/>
  <system-out><![CDATA[?[1;31m
Start test 1?[0m

  .   ____          _            __ _ _
 /\\ / ___'_ __ _ _(_)_ __  __ _ \ \ \ \
( ( )\___ | '_ | '_| | '_ \/ _` | \ \ \ \
 \\/  ___)| |_)| | | | | || (_| |  ) ) ) )
  '  |____| .__|_| |_|_| |_\__, | / / / /
 =========|_|==============|___/=/_/_/_/
 :: Spring Boot ::                (v2.5.6)

2022-03-02 19:44:44.337  INFO 21478 --- [    Test worker] cinema.Main                              : Starting Main using Java 17.0.2 on kaliyas-PC with PID 21478 (started by kaliya in /home/kaliya/IdeaProjects/Cinema Room REST Service/Cinema Room REST Service/task)
2022-03-02 19:44:44.342  INFO 21478 --- [    Test worker] cinema.Main                              : No active profile set, falling back to default profiles: default
2022-03-02 19:44:45.963  INFO 21478 --- [    Test worker] o.s.b.w.embedded.tomcat.TomcatWebServer  : Tomcat initialized with port(s): 28852 (http)
2022-03-02 19:44:45.978  INFO 21478 --- [    Test worker] o.apache.catalina.core.StandardService   : Starting service [Tomcat]
2022-03-02 19:44:45.979  INFO 21478 --- [    Test worker] org.apache.catalina.core.StandardEngine  : Starting Servlet engine: [Apache Tomcat/9.0.54]
2022-03-02 19:44:46.083  INFO 21478 --- [    Test worker] o.a.c.c.C.[Tomcat].[localhost].[/]       : Initializing Spring embedded WebApplicationContext
2022-03-02 19:44:46.083  INFO 21478 --- [    Test worker] w.s.c.ServletWebServerApplicationContext : Root WebApplicationContext: initialization completed in 1672 ms
2022-03-02 19:44:47.006  INFO 21478 --- [    Test worker] o.s.b.a.e.web.EndpointLinksResolver      : Exposing 14 endpoint(s) beneath base path '/actuator'
2022-03-02 19:44:47.054  INFO 21478 --- [    Test worker] o.s.b.w.embedded.tomcat.TomcatWebServer  : Tomcat started on port(s): 28852 (http) with context path ''
2022-03-02 19:44:47.074  INFO 21478 --- [    Test worker] cinema.Main                              : Started Main in 3.219 seconds (JVM running for 4.087)
2022-03-02 19:44:47.485  INFO 21478 --- [io-28852-exec-1] o.a.c.c.C.[Tomcat].[localhost].[/]       : Initializing Spring DispatcherServlet 'dispatcherServlet'
2022-03-02 19:44:47.485  INFO 21478 --- [io-28852-exec-1] o.s.web.servlet.DispatcherServlet        : Initializing Servlet 'dispatcherServlet'
2022-03-02 19:44:47.488  INFO 21478 --- [io-28852-exec-1] o.s.web.servlet.DispatcherServlet        : Completed initialization in 2 ms
?[1;31m
Start test 2?[0m
]]></system-out>
  <system-err><![CDATA[]]></system-err>
</testsuite>
